<?xml version="1.0" encoding="UTF-8"?>
<!-- Generated by org.testng.reporters.JUnitReportReporter -->
<testsuite hostname="PHANTOM-" failures="0" tests="1" name="com.parikrama.test.AdminPageTest" time="42.938" errors="0" timestamp="2024-03-02T12:45:51 IST" skipped="0">
  <testcase classname="com.parikrama.test.AdminPageTest" name="adminDetailsParikrama" time="42.938"/>
</testsuite> <!-- com.parikrama.test.AdminPageTest -->
