<?xml version="1.0" encoding="UTF-8"?>
<!-- Generated by org.testng.reporters.JUnitReportReporter -->
<testsuite hostname="PHANTOM-" failures="0" tests="1" name="com.parikrama.test.SigninTest" time="33.730" errors="0" timestamp="2024-02-28T12:28:42 IST" skipped="0">
  <testcase classname="com.parikrama.test.SigninTest" name="loginParikrama" time="33.730"/>
</testsuite> <!-- com.parikrama.test.SigninTest -->
